<?xml version="1.0" encoding="UTF-8"?>
<!-- Generated by org.testng.reporters.JUnitReportReporter -->
<testsuite hostname="DESKTOP-2C7DCHN" name="testCases.SignInAccountTC" tests="1" failures="0" timestamp="8 Apr 2022 12:36:44 GMT" time="12.517" errors="0">
  <testcase name="verifyHomePage" time="12.517" classname="testCases.SignInAccountTC"/>
</testsuite> <!-- testCases.SignInAccountTC -->
