<?xml version="1.0" encoding="UTF-8"?>
<!-- Generated by org.testng.reporters.JUnitReportReporter -->
<testsuite hostname="DESKTOP-2C7DCHN" name="testcases" tests="1" failures="0" timestamp="26 Mar 2022 06:14:38 GMT" time="93.691" errors="0">
  <testcase name="testing" time="93.691" classname="testcases"/>
</testsuite> <!-- testcases -->
