<?xml version="1.0" encoding="UTF-8"?>
<!-- Generated by org.testng.reporters.JUnitReportReporter -->
<testsuite hostname="DESKTOP-2C7DCHN" name="testcases" tests="1" failures="0" timestamp="21 Mar 2022 02:15:01 GMT" time="91.030" errors="0">
  <testcase name="testing" time="91.030" classname="testcases"/>
</testsuite> <!-- testcases -->
