<?xml version="1.0" encoding="UTF-8"?>
<!-- Generated by org.testng.reporters.JUnitReportReporter -->
<testsuite hostname="DESKTOP-2C7DCHN" name="testcases" tests="1" failures="0" timestamp="20 Mar 2022 06:01:36 GMT" time="10.337" errors="0">
  <testcase name="testing11" time="10.337" classname="testcases"/>
</testsuite> <!-- testcases -->
