<?xml version="1.0" encoding="UTF-8"?>
<!-- Generated by org.testng.reporters.JUnitReportReporter -->
<testsuite hostname="DESKTOP-2C7DCHN" name="testCases.CreateAccountTC" tests="1" failures="0" timestamp="10 Mar 2022 18:51:18 GMT" time="16.016" errors="0">
  <testcase name="verifyHomePage" time="16.016" classname="testCases.CreateAccountTC"/>
</testsuite> <!-- testCases.CreateAccountTC -->
